2017-05-17 08:48:31.247 INFO  t.a.Actiontyx [<init>:54] [main] - 加载浏览器配置文件成功。。。。。。。。。。
2017-05-17 08:48:31.251 INFO  t.a.Actiontyx [<init>:55] [main] - 打开了http://fuwu.qunar.com/index.do?domain=tyx.trade.qunar.com订单管理。
2017-05-17 08:48:34.286 INFO  t.a.Actiontyx [getNewList:353] [main] - 本次即将处理4个航变...
2017-05-17 08:48:34.287 INFO  t.a.Actiontyx [run:332] [main] - AiChangeLinkVo [likeid=168666, shopName=2, ishuankai=0, orderid=22696165, orderNo=tyx170510224549979001, msgid=49632, oldflightno=ZH9903, oldstartdate=2017-05-17, oldenddate=, oldstarttime=13:00, oldendtime=15:50, newflightno=ZH9903, newstarttime=14:40, newendtime=17:30, userid=1487, username=李瑛, changereson=3, oldstarcity=SZX, oldreachcity=TNA, newreachcity=TNA, newstarcity=SZX, isProtected=null, isSure=1, newstartdate=2017-05-17]
2017-05-17 08:48:34.287 INFO  t.a.Actiontyx [run:333] [main] - ======================tyx170510224549979001开始处理===============================
2017-05-17 08:48:34.287 INFO  t.a.Actiontyx [run:334] [main] - 原出发日期：2017-05-17,新出发日期：2017-05-17
2017-05-17 08:48:34.287 INFO  t.a.Actiontyx [run:335] [main] - 原出发时间：13:00,新出发时间：14:40
2017-05-17 08:48:34.287 INFO  t.a.Actiontyx [run:336] [main] - 原到达日期：
2017-05-17 08:48:34.287 INFO  t.a.Actiontyx [run:337] [main] - 原到达时间：15:50
2017-05-17 08:48:34.287 INFO  t.a.Actiontyx [execRobot:79] [main] - 进入订单管理操作...
2017-05-17 08:48:38.415 INFO  t.a.Actiontyx [execRobot:99] [main] - 回到主窗口.....
2017-05-17 08:48:38.473 INFO  t.a.Actiontyx [execRobot:105] [main] - 订单的状态是2
2017-05-17 08:48:38.674 INFO  t.a.Actiontyx [execRobot:114] [main] - 打开了消息窗口。。。。。。
2017-05-17 08:48:39.844 INFO  t.a.Actiontyx [execRobot:122] [main] - 消息类型一共有5个选择,出票,退票,改签,航变,投诉,
2017-05-17 08:48:39.986 INFO  t.a.Actiontyx [execRobot:125] [main] - 点击了航变。。。。
2017-05-17 08:48:41.088 INFO  t.a.Actiontyx [execRobot:132] [main] - 抓取数据ZH9903  2017-05-17  13:00-15:50   SZX(深圳宝安国际机场)-TNA(济南遥墙机场)。
2017-05-17 08:48:41.089 INFO  t.a.Actiontyx [execRobot:137] [main] - 1、出发SZX,到达TNA
2017-05-17 08:48:41.089 INFO  t.a.Actiontyx [execRobot:149] [main] - 地址一共有1个选择

2017-05-17 08:48:41.327 INFO  t.a.Actiontyx [execRobot:155] [main] - 页面上有227个div
2017-05-17 08:48:41.555 INFO  t.a.Actiontyx [execRobot:162] [main] - 找到了他在22
2017-05-17 08:48:41.606 INFO  t.a.Actiontyx [execRobot:171] [main] - 一共有4选项.
2017-05-17 08:48:41.675 INFO  t.a.Actiontyx [execRobot:193] [main] - 该订单航班原因是:变更
2017-05-17 08:48:41.676 INFO  t.a.Actiontyx [execRobot:195] [main] - 填写变更后起降时间。。。。
2017-05-17 08:48:42.098 INFO  t.a.Actiontyx [execRobot:225] [main] - 今天的时间:2017-05-17.
2017-05-17 08:48:42.098 INFO  t.a.Actiontyx [execRobot:226] [main] - 起飞的时间:2017-05-17.
2017-05-17 08:48:42.183 INFO  t.a.Actiontyx [execRobot:237] [main] - 座位选择:2。
2017-05-17 08:50:29.795 INFO  t.a.Actiontyx [execRobot:254] [main] - 完成回去修改状态：http://localhost:8080/TT/airChangeLinkNew/updateNoticestate.do?likeid=168666&orderNo=tyx170510224549979001&orderid=22696165
2017-05-17 08:50:44.250 INFO  t.a.Actiontyx [execRobot:257] [main] - 回填成功！
2017-05-17 08:50:46.211 INFO  t.a.Actiontyx [execRobot:258] [main] - 订单号tyx170510224549979001提交成功。。。
2017-05-17 08:50:47.794 INFO  t.a.Actiontyx [execRobot:265] [main] - 回到主窗口。。。。
2017-05-17 08:50:48.494 INFO  t.a.Actiontyx [repetitionRobot:276] [main] - ======================tyx170510224549979001处理完毕！===============================
2017-05-17 08:50:48.705 INFO  t.a.Actiontyx [repetitionRobot:279] [main] - 关闭了详情，打开了订单管理！
2017-05-17 08:50:48.729 INFO  t.a.Actiontyx [repetitionRobot:281] [main] - 选中了订单管理.........
2017-05-17 08:51:20.549 INFO  t.a.Actiontyx [run:332] [main] - AiChangeLinkVo [likeid=168669, shopName=2, ishuankai=0, orderid=22783111, orderNo=tyx170515140130485001, msgid=49632, oldflightno=ZH9903, oldstartdate=2017-05-17, oldenddate=, oldstarttime=13:00, oldendtime=15:50, newflightno=ZH9903, newstarttime=14:40, newendtime=17:30, userid=1487, username=李瑛, changereson=3, oldstarcity=SZX, oldreachcity=TNA, newreachcity=TNA, newstarcity=SZX, isProtected=null, isSure=1, newstartdate=2017-05-17]
2017-05-17 08:51:20.550 INFO  t.a.Actiontyx [run:333] [main] - ======================tyx170515140130485001开始处理===============================
2017-05-17 08:51:20.550 INFO  t.a.Actiontyx [run:334] [main] - 原出发日期：2017-05-17,新出发日期：2017-05-17
2017-05-17 08:51:20.550 INFO  t.a.Actiontyx [run:335] [main] - 原出发时间：13:00,新出发时间：14:40
2017-05-17 08:51:20.551 INFO  t.a.Actiontyx [run:336] [main] - 原到达日期：
2017-05-17 08:51:20.551 INFO  t.a.Actiontyx [run:337] [main] - 原到达时间：15:50
2017-05-17 08:51:20.551 INFO  t.a.Actiontyx [execRobot:79] [main] - 进入订单管理操作...
2017-05-17 08:51:24.715 INFO  t.a.Actiontyx [execRobot:99] [main] - 回到主窗口.....
2017-05-17 08:51:24.784 INFO  t.a.Actiontyx [execRobot:105] [main] - 订单的状态是2
2017-05-17 08:51:24.961 INFO  t.a.Actiontyx [execRobot:114] [main] - 打开了消息窗口。。。。。。
2017-05-17 08:51:26.136 INFO  t.a.Actiontyx [execRobot:122] [main] - 消息类型一共有5个选择,出票,退票,改签,航变,投诉,
2017-05-17 08:51:26.277 INFO  t.a.Actiontyx [execRobot:125] [main] - 点击了航变。。。。
2017-05-17 08:51:27.384 INFO  t.a.Actiontyx [execRobot:132] [main] - 抓取数据ZH9903  2017-05-17  13:00-15:50   SZX(深圳宝安国际机场)-TNA(济南遥墙机场)。
2017-05-17 08:51:27.384 INFO  t.a.Actiontyx [execRobot:137] [main] - 1、出发SZX,到达TNA
2017-05-17 08:51:27.384 INFO  t.a.Actiontyx [execRobot:149] [main] - 地址一共有1个选择

2017-05-17 08:51:27.607 INFO  t.a.Actiontyx [execRobot:155] [main] - 页面上有208个div
2017-05-17 08:51:27.834 INFO  t.a.Actiontyx [execRobot:162] [main] - 找到了他在22
2017-05-17 08:51:27.884 INFO  t.a.Actiontyx [execRobot:171] [main] - 一共有4选项.
2017-05-17 08:51:27.956 INFO  t.a.Actiontyx [execRobot:193] [main] - 该订单航班原因是:变更
2017-05-17 08:51:27.956 INFO  t.a.Actiontyx [execRobot:195] [main] - 填写变更后起降时间。。。。
2017-05-17 08:51:28.363 INFO  t.a.Actiontyx [execRobot:225] [main] - 今天的时间:2017-05-17.
2017-05-17 08:51:28.363 INFO  t.a.Actiontyx [execRobot:226] [main] - 起飞的时间:2017-05-17.
2017-05-17 08:51:28.449 INFO  t.a.Actiontyx [execRobot:237] [main] - 座位选择:2。
2017-05-17 08:52:58.848 INFO  t.a.Actiontyx [execRobot:263] [main] - 订单号tyx170515140130485001提交失败。。。
2017-05-17 08:52:59.296 INFO  t.a.Actiontyx [execRobot:265] [main] - 回到主窗口。。。。
2017-05-17 08:52:59.836 INFO  t.a.Actiontyx [repetitionRobot:276] [main] - ======================tyx170515140130485001处理完毕！===============================
2017-05-17 08:53:00.147 INFO  t.a.Actiontyx [repetitionRobot:279] [main] - 关闭了详情，打开了订单管理！
2017-05-17 08:53:00.169 INFO  t.a.Actiontyx [repetitionRobot:281] [main] - 选中了订单管理.........
2017-05-17 08:53:03.895 INFO  t.a.Actiontyx [run:332] [main] - AiChangeLinkVo [likeid=168668, shopName=2, ishuankai=0, orderid=22762050, orderNo=tyx170514114832814001, msgid=49632, oldflightno=ZH9903, oldstartdate=2017-05-17, oldenddate=, oldstarttime=13:00, oldendtime=15:50, newflightno=ZH9903, newstarttime=14:40, newendtime=17:30, userid=1487, username=李瑛, changereson=3, oldstarcity=SZX, oldreachcity=TNA, newreachcity=TNA, newstarcity=SZX, isProtected=null, isSure=1, newstartdate=2017-05-17]
2017-05-17 08:53:03.896 INFO  t.a.Actiontyx [run:333] [main] - ======================tyx170514114832814001开始处理===============================
2017-05-17 08:53:03.896 INFO  t.a.Actiontyx [run:334] [main] - 原出发日期：2017-05-17,新出发日期：2017-05-17
2017-05-17 08:53:03.896 INFO  t.a.Actiontyx [run:335] [main] - 原出发时间：13:00,新出发时间：14:40
2017-05-17 08:53:03.897 INFO  t.a.Actiontyx [run:336] [main] - 原到达日期：
2017-05-17 08:53:03.897 INFO  t.a.Actiontyx [run:337] [main] - 原到达时间：15:50
2017-05-17 08:53:03.897 INFO  t.a.Actiontyx [execRobot:79] [main] - 进入订单管理操作...
2017-05-17 08:53:07.979 INFO  t.a.Actiontyx [execRobot:99] [main] - 回到主窗口.....
2017-05-17 08:53:08.051 INFO  t.a.Actiontyx [execRobot:105] [main] - 订单的状态是2
2017-05-17 08:53:08.215 INFO  t.a.Actiontyx [execRobot:114] [main] - 打开了消息窗口。。。。。。
2017-05-17 08:53:09.385 INFO  t.a.Actiontyx [execRobot:122] [main] - 消息类型一共有5个选择,出票,退票,改签,航变,投诉,
2017-05-17 08:53:09.529 INFO  t.a.Actiontyx [execRobot:125] [main] - 点击了航变。。。。
2017-05-17 08:53:10.672 INFO  t.a.Actiontyx [execRobot:132] [main] - 抓取数据ZH9903  2017-05-17  13:00-15:50   SZX(深圳宝安国际机场)-TNA(济南遥墙机场)。
2017-05-17 08:53:10.672 INFO  t.a.Actiontyx [execRobot:137] [main] - 1、出发SZX,到达TNA
2017-05-17 08:53:10.672 INFO  t.a.Actiontyx [execRobot:149] [main] - 地址一共有1个选择

2017-05-17 08:53:10.992 INFO  t.a.Actiontyx [execRobot:155] [main] - 页面上有246个div
2017-05-17 08:53:11.214 INFO  t.a.Actiontyx [execRobot:162] [main] - 找到了他在22
2017-05-17 08:53:11.255 INFO  t.a.Actiontyx [execRobot:171] [main] - 一共有4选项.
2017-05-17 08:53:11.319 INFO  t.a.Actiontyx [execRobot:193] [main] - 该订单航班原因是:变更
2017-05-17 08:53:11.319 INFO  t.a.Actiontyx [execRobot:195] [main] - 填写变更后起降时间。。。。
2017-05-17 08:53:11.749 INFO  t.a.Actiontyx [execRobot:225] [main] - 今天的时间:2017-05-17.
2017-05-17 08:53:11.749 INFO  t.a.Actiontyx [execRobot:226] [main] - 起飞的时间:2017-05-17.
2017-05-17 08:53:11.877 INFO  t.a.Actiontyx [execRobot:237] [main] - 座位选择:2。
2017-05-17 08:53:48.370 INFO  t.a.Actiontyx [execRobot:263] [main] - 订单号tyx170514114832814001提交失败。。。
2017-05-17 08:54:10.495 INFO  t.a.Actiontyx [execRobot:265] [main] - 回到主窗口。。。。
2017-05-17 08:54:10.509 INFO  t.a.Actiontyx [repetitionRobot:276] [main] - ======================tyx170514114832814001处理完毕！===============================
2017-05-17 08:54:10.734 INFO  t.a.Actiontyx [repetitionRobot:279] [main] - 关闭了详情，打开了订单管理！
2017-05-17 08:54:10.747 INFO  t.a.Actiontyx [repetitionRobot:281] [main] - 选中了订单管理.........
2017-05-17 08:54:10.747 INFO  t.a.Actiontyx [run:319] [main] - 订单号tyx170516215303901001原时间与新时间相同不予处理。
2017-05-17 10:19:30.118 INFO  t.a.Actiontyx [<init>:54] [main] - 加载浏览器配置文件成功。。。。。。。。。。
2017-05-17 10:19:30.122 INFO  t.a.Actiontyx [<init>:55] [main] - 打开了http://fuwu.qunar.com/index.do?domain=tyx.trade.qunar.com订单管理。
2017-05-17 10:19:38.973 INFO  t.a.Actionyyw [<init>:56] [main] - 加载浏览器配置文件成功。。。。。。。。。。
2017-05-17 10:19:38.973 INFO  t.a.Actionyyw [<init>:57] [main] - 打开了http://fuwu.qunar.com/index.do?domain=yyw.trade.qunar.com订单管理。
2017-05-17 10:20:01.329 INFO  t.a.Actionyyw [getNewList:355] [pool-2-thread-1] - 本次即将处理7个航变...
2017-05-17 10:20:01.329 INFO  t.a.Actionyyw [run:334] [pool-2-thread-1] - AiChangeLinkVo [likeid=168723, shopName=1, ishuankai=0, orderid=22798008, orderNo=yyw170516075302730001, msgid=49651, oldflightno=ZH9652, oldstartdate=2017-05-17, oldenddate=, oldstarttime=10:45, oldendtime=13:05, newflightno=ZH9652, newstarttime=11:15, newendtime=13:35, userid=1487, username=李瑛, changereson=3, oldstarcity=LYI, oldreachcity=CAN, newreachcity=CAN, newstarcity=LYI, isProtected=null, isSure=1, newstartdate=2017-05-17]
2017-05-17 10:20:01.329 INFO  t.a.Actionyyw [run:335] [pool-2-thread-1] - ======================yyw170516075302730001开始处理===============================
2017-05-17 10:20:01.330 INFO  t.a.Actionyyw [run:336] [pool-2-thread-1] - 原出发日期：2017-05-17,新出发日期：2017-05-17
2017-05-17 10:20:01.330 INFO  t.a.Actionyyw [run:337] [pool-2-thread-1] - 原出发时间：10:45,新出发时间：11:15
2017-05-17 10:20:01.330 INFO  t.a.Actionyyw [run:338] [pool-2-thread-1] - 原到达日期：
2017-05-17 10:20:01.330 INFO  t.a.Actionyyw [run:339] [pool-2-thread-1] - 原到达时间：13:05
2017-05-17 10:20:01.330 INFO  t.a.Actionyyw [execRobot:81] [pool-2-thread-1] - 进入订单管理操作...
2017-05-17 10:20:05.672 INFO  t.a.Actionyyw [execRobot:101] [pool-2-thread-1] - 回到主窗口.....
2017-05-17 10:20:05.727 INFO  t.a.Actionyyw [execRobot:107] [pool-2-thread-1] - 订单的状态是2
2017-05-17 10:20:05.931 INFO  t.a.Actionyyw [execRobot:116] [pool-2-thread-1] - 打开了消息窗口。。。。。。
2017-05-17 10:20:07.099 INFO  t.a.Actionyyw [execRobot:124] [pool-2-thread-1] - 消息类型一共有5个选择,出票,退票,改签,航变,投诉,
2017-05-17 10:20:07.248 INFO  t.a.Actionyyw [execRobot:127] [pool-2-thread-1] - 点击了航变。。。。
2017-05-17 10:20:08.338 INFO  t.a.Actionyyw [execRobot:134] [pool-2-thread-1] - 抓取数据ZH9652  2017-05-17  10:45-13:05   LYI(临沂机场)-CAN(广州白云国际机场)。
2017-05-17 10:20:08.338 INFO  t.a.Actionyyw [execRobot:139] [pool-2-thread-1] - 1、出发LYI,到达CAN
2017-05-17 10:20:08.338 INFO  t.a.Actionyyw [execRobot:151] [pool-2-thread-1] - 地址一共有1个选择

2017-05-17 10:20:08.582 INFO  t.a.Actionyyw [execRobot:157] [pool-2-thread-1] - 页面上有210个div
2017-05-17 10:20:08.804 INFO  t.a.Actionyyw [execRobot:164] [pool-2-thread-1] - 找到了他在22
2017-05-17 10:20:08.846 INFO  t.a.Actionyyw [execRobot:173] [pool-2-thread-1] - 一共有4选项.
2017-05-17 10:20:08.904 INFO  t.a.Actionyyw [execRobot:195] [pool-2-thread-1] - 该订单航班原因是:变更
2017-05-17 10:20:08.904 INFO  t.a.Actionyyw [execRobot:197] [pool-2-thread-1] - 填写变更后起降时间。。。。
2017-05-17 10:20:09.326 INFO  t.a.Actionyyw [execRobot:227] [pool-2-thread-1] - 今天的时间:2017-05-17.
2017-05-17 10:20:09.326 INFO  t.a.Actionyyw [execRobot:228] [pool-2-thread-1] - 起飞的时间:2017-05-17.
2017-05-17 10:20:09.421 INFO  t.a.Actionyyw [execRobot:239] [pool-2-thread-1] - 座位选择:2。
2017-05-17 10:21:10.974 INFO  t.a.Actionyyw [execRobot:265] [pool-2-thread-1] - 订单号yyw170516075302730001提交失败。。。
2017-05-17 10:21:10.975 INFO  t.a.Actionyyw [execRobot:267] [pool-2-thread-1] - 回到主窗口。。。。
2017-05-17 10:21:10.979 INFO  t.a.Actionyyw [repetitionRobot:278] [pool-2-thread-1] - ======================yyw170516075302730001处理完毕！===============================
2017-05-17 10:21:11.191 INFO  t.a.Actionyyw [repetitionRobot:281] [pool-2-thread-1] - 关闭了详情，打开了订单管理！
2017-05-17 10:21:11.208 INFO  t.a.Actionyyw [repetitionRobot:283] [pool-2-thread-1] - 选中了订单管理.........
2017-05-17 10:21:11.208 INFO  t.a.Actionyyw [run:334] [pool-2-thread-1] - AiChangeLinkVo [likeid=168729, shopName=1, ishuankai=0, orderid=22821361, orderNo=yyw170517075759092001, msgid=49651, oldflightno=ZH9652, oldstartdate=2017-05-17, oldenddate=, oldstarttime=10:45, oldendtime=13:05, newflightno=ZH9652, newstarttime=11:15, newendtime=13:35, userid=1487, username=李瑛, changereson=3, oldstarcity=LYI, oldreachcity=CAN, newreachcity=CAN, newstarcity=LYI, isProtected=null, isSure=1, newstartdate=2017-05-17]
2017-05-17 10:21:11.209 INFO  t.a.Actionyyw [run:335] [pool-2-thread-1] - ======================yyw170517075759092001开始处理===============================
2017-05-17 10:21:11.209 INFO  t.a.Actionyyw [run:336] [pool-2-thread-1] - 原出发日期：2017-05-17,新出发日期：2017-05-17
2017-05-17 10:21:11.209 INFO  t.a.Actionyyw [run:337] [pool-2-thread-1] - 原出发时间：10:45,新出发时间：11:15
2017-05-17 10:21:11.209 INFO  t.a.Actionyyw [run:338] [pool-2-thread-1] - 原到达日期：
2017-05-17 10:21:11.209 INFO  t.a.Actionyyw [run:339] [pool-2-thread-1] - 原到达时间：13:05
2017-05-17 10:21:11.209 INFO  t.a.Actionyyw [execRobot:81] [pool-2-thread-1] - 进入订单管理操作...
2017-05-17 10:21:15.284 INFO  t.a.Actionyyw [execRobot:101] [pool-2-thread-1] - 回到主窗口.....
2017-05-17 10:21:15.342 INFO  t.a.Actionyyw [execRobot:107] [pool-2-thread-1] - 订单的状态是2
2017-05-17 10:21:15.524 INFO  t.a.Actionyyw [execRobot:116] [pool-2-thread-1] - 打开了消息窗口。。。。。。
2017-05-17 10:21:16.697 INFO  t.a.Actionyyw [execRobot:124] [pool-2-thread-1] - 消息类型一共有5个选择,出票,退票,改签,航变,投诉,
2017-05-17 10:21:16.836 INFO  t.a.Actionyyw [execRobot:127] [pool-2-thread-1] - 点击了航变。。。。
2017-05-17 10:21:17.972 INFO  t.a.Actionyyw [execRobot:134] [pool-2-thread-1] - 抓取数据ZH9652  2017-05-17  10:45-13:05   LYI(临沂机场)-CAN(广州白云国际机场)。
2017-05-17 10:21:17.973 INFO  t.a.Actionyyw [execRobot:139] [pool-2-thread-1] - 1、出发LYI,到达CAN
2017-05-17 10:21:17.973 INFO  t.a.Actionyyw [execRobot:151] [pool-2-thread-1] - 地址一共有1个选择

2017-05-17 10:21:18.192 INFO  t.a.Actionyyw [execRobot:157] [pool-2-thread-1] - 页面上有207个div
2017-05-17 10:21:18.408 INFO  t.a.Actionyyw [execRobot:164] [pool-2-thread-1] - 找到了他在22
2017-05-17 10:21:18.454 INFO  t.a.Actionyyw [execRobot:173] [pool-2-thread-1] - 一共有4选项.
2017-05-17 10:21:18.528 INFO  t.a.Actionyyw [execRobot:195] [pool-2-thread-1] - 该订单航班原因是:变更
2017-05-17 10:21:18.529 INFO  t.a.Actionyyw [execRobot:197] [pool-2-thread-1] - 填写变更后起降时间。。。。
2017-05-17 10:21:18.961 INFO  t.a.Actionyyw [execRobot:227] [pool-2-thread-1] - 今天的时间:2017-05-17.
2017-05-17 10:21:18.962 INFO  t.a.Actionyyw [execRobot:228] [pool-2-thread-1] - 起飞的时间:2017-05-17.
2017-05-17 10:21:19.058 INFO  t.a.Actionyyw [execRobot:239] [pool-2-thread-1] - 座位选择:2。
2017-05-17 10:21:43.806 INFO  t.a.Actionyyw [execRobot:256] [pool-2-thread-1] - 完成回去修改状态：http://localhost:8080/TT/airChangeLinkNew/updateNoticestate.do?likeid=168729&orderNo=yyw170517075759092001&orderid=22821361
2017-05-17 10:21:44.274 INFO  t.a.Actionyyw [execRobot:259] [pool-2-thread-1] - 回填成功！
2017-05-17 10:21:44.275 INFO  t.a.Actionyyw [execRobot:260] [pool-2-thread-1] - 订单号yyw170517075759092001提交成功。。。
2017-05-17 10:21:44.275 INFO  t.a.Actionyyw [execRobot:267] [pool-2-thread-1] - 回到主窗口。。。。
2017-05-17 10:21:44.283 INFO  t.a.Actionyyw [repetitionRobot:278] [pool-2-thread-1] - ======================yyw170517075759092001处理完毕！===============================
2017-05-17 10:21:44.726 INFO  t.a.Actionyyw [repetitionRobot:281] [pool-2-thread-1] - 关闭了详情，打开了订单管理！
2017-05-17 10:21:44.755 INFO  t.a.Actionyyw [repetitionRobot:283] [pool-2-thread-1] - 选中了订单管理.........
2017-05-17 10:21:44.756 INFO  t.a.Actionyyw [run:334] [pool-2-thread-1] - AiChangeLinkVo [likeid=168728, shopName=1, ishuankai=0, orderid=22810468, orderNo=yyw170516173449558001, msgid=49651, oldflightno=ZH9652, oldstartdate=2017-05-17, oldenddate=, oldstarttime=10:45, oldendtime=13:05, newflightno=ZH9652, newstarttime=11:15, newendtime=13:35, userid=1487, username=李瑛, changereson=3, oldstarcity=LYI, oldreachcity=CAN, newreachcity=CAN, newstarcity=LYI, isProtected=null, isSure=1, newstartdate=2017-05-17]
2017-05-17 10:21:44.756 INFO  t.a.Actionyyw [run:335] [pool-2-thread-1] - ======================yyw170516173449558001开始处理===============================
2017-05-17 10:21:44.756 INFO  t.a.Actionyyw [run:336] [pool-2-thread-1] - 原出发日期：2017-05-17,新出发日期：2017-05-17
2017-05-17 10:21:44.757 INFO  t.a.Actionyyw [run:337] [pool-2-thread-1] - 原出发时间：10:45,新出发时间：11:15
2017-05-17 10:21:44.757 INFO  t.a.Actionyyw [run:338] [pool-2-thread-1] - 原到达日期：
2017-05-17 10:21:44.757 INFO  t.a.Actionyyw [run:339] [pool-2-thread-1] - 原到达时间：13:05
2017-05-17 10:21:44.757 INFO  t.a.Actionyyw [execRobot:81] [pool-2-thread-1] - 进入订单管理操作...
2017-05-17 10:21:49.049 INFO  t.a.Actionyyw [execRobot:101] [pool-2-thread-1] - 回到主窗口.....
2017-05-17 10:21:49.115 INFO  t.a.Actionyyw [execRobot:107] [pool-2-thread-1] - 订单的状态是2
2017-05-17 10:21:49.308 INFO  t.a.Actionyyw [execRobot:116] [pool-2-thread-1] - 打开了消息窗口。。。。。。
2017-05-17 10:21:50.473 INFO  t.a.Actionyyw [execRobot:124] [pool-2-thread-1] - 消息类型一共有5个选择,出票,退票,改签,航变,投诉,
2017-05-17 10:21:50.615 INFO  t.a.Actionyyw [execRobot:127] [pool-2-thread-1] - 点击了航变。。。。
2017-05-17 10:21:51.715 INFO  t.a.Actionyyw [execRobot:134] [pool-2-thread-1] - 抓取数据ZH9652  2017-05-17  10:45-13:05   LYI(临沂机场)-CAN(广州白云国际机场)。
2017-05-17 10:21:51.716 INFO  t.a.Actionyyw [execRobot:139] [pool-2-thread-1] - 1、出发LYI,到达CAN
2017-05-17 10:21:51.716 INFO  t.a.Actionyyw [execRobot:151] [pool-2-thread-1] - 地址一共有1个选择

2017-05-17 10:21:51.935 INFO  t.a.Actionyyw [execRobot:157] [pool-2-thread-1] - 页面上有247个div
2017-05-17 10:21:52.156 INFO  t.a.Actionyyw [execRobot:164] [pool-2-thread-1] - 找到了他在22
2017-05-17 10:21:52.196 INFO  t.a.Actionyyw [execRobot:173] [pool-2-thread-1] - 一共有4选项.
2017-05-17 10:21:52.259 INFO  t.a.Actionyyw [execRobot:195] [pool-2-thread-1] - 该订单航班原因是:变更
2017-05-17 10:21:52.260 INFO  t.a.Actionyyw [execRobot:197] [pool-2-thread-1] - 填写变更后起降时间。。。。
2017-05-17 10:21:52.674 INFO  t.a.Actionyyw [execRobot:227] [pool-2-thread-1] - 今天的时间:2017-05-17.
2017-05-17 10:21:52.674 INFO  t.a.Actionyyw [execRobot:228] [pool-2-thread-1] - 起飞的时间:2017-05-17.
2017-05-17 10:21:52.767 INFO  t.a.Actionyyw [execRobot:239] [pool-2-thread-1] - 座位选择:2。
